{"/Users/khr/workSpace/codeSpace/node/node_log/src/logger.ts": {"path":"/Users/khr/workSpace/codeSpace/node/node_log/src/logger.ts","statementMap":{"0":{"start":{"line":322,"column":0},"end":{"line":322,"column":16}},"1":{"start":{"line":346,"column":0},"end":{"line":346,"column":16}},"2":{"start":{"line":1,"column":0},"end":{"line":1,"column":50}},"3":{"start":{"line":5,"column":0},"end":{"line":5,"column":59}},"4":{"start":{"line":6,"column":0},"end":{"line":6,"column":25}},"5":{"start":{"line":7,"column":0},"end":{"line":7,"column":20}},"6":{"start":{"line":12,"column":4},"end":{"line":12,"column":34}},"7":{"start":{"line":19,"column":4},"end":{"line":19,"column":null}},"8":{"start":{"line":20,"column":4},"end":{"line":20,"column":39}},"9":{"start":{"line":27,"column":4},"end":{"line":27,"column":null}},"10":{"start":{"line":28,"column":4},"end":{"line":28,"column":47}},"11":{"start":{"line":35,"column":4},"end":{"line":35,"column":47}},"12":{"start":{"line":42,"column":4},"end":{"line":42,"column":39}},"13":{"start":{"line":49,"column":4},"end":{"line":49,"column":39}},"14":{"start":{"line":8,"column":0},"end":{"line":8,"column":13}},"15":{"start":{"line":57,"column":10},"end":{"line":57,"column":47}},"16":{"start":{"line":58,"column":10},"end":{"line":58,"column":31}},"17":{"start":{"line":59,"column":10},"end":{"line":59,"column":31}},"18":{"start":{"line":65,"column":4},"end":{"line":65,"column":47}},"19":{"start":{"line":69,"column":4},"end":{"line":69,"column":36}},"20":{"start":{"line":72,"column":4},"end":{"line":90,"column":7}},"21":{"start":{"line":112,"column":4},"end":{"line":120,"column":5}},"22":{"start":{"line":113,"column":21},"end":{"line":113,"column":41}},"23":{"start":{"line":114,"column":6},"end":{"line":114,"column":29}},"24":{"start":{"line":115,"column":17},"end":{"line":115,"column":34}},"25":{"start":{"line":116,"column":6},"end":{"line":116,"column":46}},"26":{"start":{"line":118,"column":6},"end":{"line":118,"column":58}},"27":{"start":{"line":119,"column":6},"end":{"line":119,"column":28}},"28":{"start":{"line":127,"column":4},"end":{"line":138,"column":6}},"29":{"start":{"line":145,"column":39},"end":{"line":151,"column":2}},"30":{"start":{"line":152,"column":0},"end":{"line":152,"column":39}},"31":{"start":{"line":159,"column":4},"end":{"line":159,"column":34}},"32":{"start":{"line":159,"column":27},"end":{"line":159,"column":34}},"33":{"start":{"line":161,"column":4},"end":{"line":161,"column":29}},"34":{"start":{"line":163,"column":4},"end":{"line":183,"column":5}},"35":{"start":{"line":164,"column":6},"end":{"line":180,"column":7}},"36":{"start":{"line":165,"column":22},"end":{"line":165,"column":49}},"37":{"start":{"line":167,"column":8},"end":{"line":176,"column":9}},"38":{"start":{"line":168,"column":10},"end":{"line":168,"column":50}},"39":{"start":{"line":169,"column":10},"end":{"line":169,"column":64}},"40":{"start":{"line":171,"column":10},"end":{"line":171,"column":64}},"41":{"start":{"line":179,"column":8},"end":{"line":179,"column":65}},"42":{"start":{"line":179,"column":39},"end":{"line":179,"column":63}},"43":{"start":{"line":182,"column":6},"end":{"line":182,"column":32}},"44":{"start":{"line":204,"column":28},"end":{"line":204,"column":50}},"45":{"start":{"line":205,"column":18},"end":{"line":205,"column":20}},"46":{"start":{"line":207,"column":2},"end":{"line":218,"column":3}},"47":{"start":{"line":208,"column":23},"end":{"line":208,"column":55}},"48":{"start":{"line":210,"column":4},"end":{"line":215,"column":5}},"49":{"start":{"line":211,"column":6},"end":{"line":214,"column":7}},"50":{"start":{"line":212,"column":8},"end":{"line":212,"column":42}},"51":{"start":{"line":213,"column":8},"end":{"line":213,"column":14}},"52":{"start":{"line":217,"column":4},"end":{"line":217,"column":25}},"53":{"start":{"line":217,"column":19},"end":{"line":217,"column":25}},"54":{"start":{"line":220,"column":2},"end":{"line":220,"column":19}},"55":{"start":{"line":228,"column":25},"end":{"line":228,"column":44}},"56":{"start":{"line":229,"column":4},"end":{"line":251,"column":5}},"57":{"start":{"line":230,"column":6},"end":{"line":230,"column":39}},"58":{"start":{"line":232,"column":6},"end":{"line":232,"column":null}},"59":{"start":{"line":233,"column":6},"end":{"line":249,"column":7}},"60":{"start":{"line":235,"column":10},"end":{"line":235,"column":41}},"61":{"start":{"line":236,"column":10},"end":{"line":236,"column":16}},"62":{"start":{"line":238,"column":10},"end":{"line":238,"column":41}},"63":{"start":{"line":239,"column":10},"end":{"line":239,"column":15}},"64":{"start":{"line":241,"column":10},"end":{"line":241,"column":42}},"65":{"start":{"line":242,"column":10},"end":{"line":242,"column":15}},"66":{"start":{"line":244,"column":10},"end":{"line":244,"column":42}},"67":{"start":{"line":245,"column":10},"end":{"line":245,"column":15}},"68":{"start":{"line":247,"column":10},"end":{"line":247,"column":42}},"69":{"start":{"line":248,"column":10},"end":{"line":248,"column":15}},"70":{"start":{"line":258,"column":4},"end":{"line":258,"column":54}},"71":{"start":{"line":265,"column":4},"end":{"line":265,"column":54}},"72":{"start":{"line":273,"column":4},"end":{"line":285,"column":7}},"73":{"start":{"line":292,"column":4},"end":{"line":297,"column":7}},"74":{"start":{"line":304,"column":4},"end":{"line":309,"column":7}},"75":{"start":{"line":55,"column":0},"end":{"line":55,"column":13}},"76":{"start":{"line":314,"column":36},"end":{"line":314,"column":40}},"77":{"start":{"line":327,"column":2},"end":{"line":332,"column":3}},"78":{"start":{"line":328,"column":4},"end":{"line":330,"column":6}},"79":{"start":{"line":331,"column":4},"end":{"line":331,"column":11}},"80":{"start":{"line":334,"column":32},"end":{"line":338,"column":null}},"81":{"start":{"line":339,"column":2},"end":{"line":339,"column":38}},"82":{"start":{"line":347,"column":2},"end":{"line":351,"column":3}},"83":{"start":{"line":348,"column":4},"end":{"line":350,"column":6}},"84":{"start":{"line":352,"column":2},"end":{"line":352,"column":24}}},"fnMap":{"0":{"name":"(anonymous_8)","decl":{"start":{"line":11,"column":2},"end":{"line":11,"column":14}},"loc":{"start":{"line":11,"column":34},"end":{"line":13,"column":3}}},"1":{"name":"(anonymous_9)","decl":{"start":{"line":15,"column":15},"end":{"line":15,"column":19}},"loc":{"start":{"line":17,"column":30},"end":{"line":22,"column":null}}},"2":{"name":"(anonymous_11)","decl":{"start":{"line":23,"column":15},"end":{"line":23,"column":19}},"loc":{"start":{"line":25,"column":30},"end":{"line":29,"column":null}}},"3":{"name":"(anonymous_13)","decl":{"start":{"line":30,"column":15},"end":{"line":30,"column":20}},"loc":{"start":{"line":33,"column":30},"end":{"line":37,"column":null}}},"4":{"name":"(anonymous_15)","decl":{"start":{"line":38,"column":15},"end":{"line":38,"column":20}},"loc":{"start":{"line":40,"column":30},"end":{"line":44,"column":null}}},"5":{"name":"(anonymous_17)","decl":{"start":{"line":45,"column":15},"end":{"line":45,"column":20}},"loc":{"start":{"line":47,"column":30},"end":{"line":51,"column":null}}},"6":{"name":"(anonymous_19)","decl":{"start":{"line":64,"column":2},"end":{"line":64,"column":15}},"loc":{"start":{"line":64,"column":35},"end":{"line":91,"column":3}}},"7":{"name":"(anonymous_20)","decl":{"start":{"line":111,"column":16},"end":{"line":111,"column":30}},"loc":{"start":{"line":111,"column":58},"end":{"line":121,"column":null}}},"8":{"name":"(anonymous_22)","decl":{"start":{"line":126,"column":10},"end":{"line":126,"column":19}},"loc":{"start":{"line":126,"column":28},"end":{"line":139,"column":3}}},"9":{"name":"(anonymous_23)","decl":{"start":{"line":144,"column":10},"end":{"line":144,"column":19}},"loc":{"start":{"line":144,"column":33},"end":{"line":153,"column":3}}},"10":{"name":"(anonymous_24)","decl":{"start":{"line":158,"column":16},"end":{"line":158,"column":27}},"loc":{"start":{"line":158,"column":27},"end":{"line":184,"column":null}}},"11":{"name":"(anonymous_26)","decl":{"start":{"line":179,"column":26},"end":{"line":179,"column":27}},"loc":{"start":{"line":179,"column":39},"end":{"line":179,"column":63}}},"12":{"name":"(anonymous_27)","decl":{"start":{"line":203,"column":11},"end":{"line":203,"column":28}},"loc":{"start":{"line":203,"column":28},"end":{"line":221,"column":1}}},"13":{"name":"(anonymous_28)","decl":{"start":{"line":227,"column":10},"end":{"line":227,"column":20}},"loc":{"start":{"line":227,"column":38},"end":{"line":252,"column":3}}},"14":{"name":"(anonymous_29)","decl":{"start":{"line":254,"column":15},"end":{"line":254,"column":19}},"loc":{"start":{"line":256,"column":30},"end":{"line":259,"column":null}}},"15":{"name":"(anonymous_31)","decl":{"start":{"line":261,"column":15},"end":{"line":261,"column":19}},"loc":{"start":{"line":263,"column":30},"end":{"line":266,"column":null}}},"16":{"name":"(anonymous_33)","decl":{"start":{"line":268,"column":15},"end":{"line":268,"column":20}},"loc":{"start":{"line":271,"column":30},"end":{"line":286,"column":null}}},"17":{"name":"(anonymous_35)","decl":{"start":{"line":288,"column":15},"end":{"line":288,"column":20}},"loc":{"start":{"line":290,"column":30},"end":{"line":298,"column":null}}},"18":{"name":"(anonymous_37)","decl":{"start":{"line":300,"column":15},"end":{"line":300,"column":20}},"loc":{"start":{"line":302,"column":30},"end":{"line":310,"column":null}}},"19":{"name":"initLogger","decl":{"start":{"line":322,"column":16},"end":{"line":322,"column":26}},"loc":{"start":{"line":325,"column":17},"end":{"line":340,"column":1}}},"20":{"name":"getLogger","decl":{"start":{"line":346,"column":16},"end":{"line":346,"column":25}},"loc":{"start":{"line":346,"column":25},"end":{"line":353,"column":1}}}},"branchMap":{"0":{"loc":{"start":{"line":65,"column":19},"end":{"line":65,"column":46}},"type":"binary-expr","locations":[{"start":{"line":65,"column":19},"end":{"line":65,"column":33}},{"start":{"line":65,"column":37},"end":{"line":65,"column":46}}]},"1":{"loc":{"start":{"line":129,"column":15},"end":{"line":129,"column":42}},"type":"binary-expr","locations":[{"start":{"line":129,"column":15},"end":{"line":129,"column":26}},{"start":{"line":129,"column":30},"end":{"line":129,"column":42}}]},"2":{"loc":{"start":{"line":130,"column":13},"end":{"line":130,"column":32}},"type":"binary-expr","locations":[{"start":{"line":130,"column":13},"end":{"line":130,"column":22}},{"start":{"line":130,"column":26},"end":{"line":130,"column":32}}]},"3":{"loc":{"start":{"line":131,"column":15},"end":{"line":131,"column":32}},"type":"binary-expr","locations":[{"start":{"line":131,"column":15},"end":{"line":131,"column":26}},{"start":{"line":131,"column":30},"end":{"line":131,"column":32}}]},"4":{"loc":{"start":{"line":132,"column":12},"end":{"line":132,"column":26}},"type":"binary-expr","locations":[{"start":{"line":132,"column":12},"end":{"line":132,"column":20}},{"start":{"line":132,"column":24},"end":{"line":132,"column":26}}]},"5":{"loc":{"start":{"line":133,"column":13},"end":{"line":133,"column":28}},"type":"binary-expr","locations":[{"start":{"line":133,"column":13},"end":{"line":133,"column":22}},{"start":{"line":133,"column":26},"end":{"line":133,"column":28}}]},"6":{"loc":{"start":{"line":135,"column":16},"end":{"line":135,"column":34}},"type":"binary-expr","locations":[{"start":{"line":135,"column":16},"end":{"line":135,"column":28}},{"start":{"line":135,"column":32},"end":{"line":135,"column":34}}]},"7":{"loc":{"start":{"line":136,"column":17},"end":{"line":136,"column":36}},"type":"binary-expr","locations":[{"start":{"line":136,"column":17},"end":{"line":136,"column":30}},{"start":{"line":136,"column":34},"end":{"line":136,"column":36}}]},"8":{"loc":{"start":{"line":137,"column":14},"end":{"line":137,"column":30}},"type":"binary-expr","locations":[{"start":{"line":137,"column":14},"end":{"line":137,"column":24}},{"start":{"line":137,"column":28},"end":{"line":137,"column":30}}]},"9":{"loc":{"start":{"line":159,"column":4},"end":{"line":159,"column":34}},"type":"if","locations":[{"start":{"line":159,"column":4},"end":{"line":159,"column":34}}]},"10":{"loc":{"start":{"line":164,"column":13},"end":{"line":164,"column":56}},"type":"binary-expr","locations":[{"start":{"line":164,"column":13},"end":{"line":164,"column":28}},{"start":{"line":164,"column":32},"end":{"line":164,"column":56}}]},"11":{"loc":{"start":{"line":211,"column":6},"end":{"line":214,"column":7}},"type":"if","locations":[{"start":{"line":211,"column":6},"end":{"line":214,"column":7}}]},"12":{"loc":{"start":{"line":211,"column":10},"end":{"line":211,"column":68}},"type":"binary-expr","locations":[{"start":{"line":211,"column":10},"end":{"line":211,"column":33}},{"start":{"line":211,"column":37},"end":{"line":211,"column":68}}]},"13":{"loc":{"start":{"line":217,"column":4},"end":{"line":217,"column":25}},"type":"if","locations":[{"start":{"line":217,"column":4},"end":{"line":217,"column":25}}]},"14":{"loc":{"start":{"line":229,"column":4},"end":{"line":251,"column":5}},"type":"if","locations":[{"start":{"line":229,"column":4},"end":{"line":251,"column":5}}]},"15":{"loc":{"start":{"line":233,"column":6},"end":{"line":249,"column":7}},"type":"switch","locations":[{"start":{"line":234,"column":8},"end":{"line":236,"column":16}},{"start":{"line":237,"column":8},"end":{"line":239,"column":15}},{"start":{"line":240,"column":8},"end":{"line":242,"column":15}},{"start":{"line":243,"column":8},"end":{"line":245,"column":15}},{"start":{"line":246,"column":8},"end":{"line":248,"column":15}}]},"16":{"loc":{"start":{"line":276,"column":13},"end":{"line":282,"column":19}},"type":"cond-expr","locations":[{"start":{"line":277,"column":10},"end":{"line":281,"column":null}},{"start":{"line":282,"column":10},"end":{"line":282,"column":19}}]},"17":{"loc":{"start":{"line":327,"column":2},"end":{"line":332,"column":3}},"type":"if","locations":[{"start":{"line":327,"column":2},"end":{"line":332,"column":3}}]},"18":{"loc":{"start":{"line":347,"column":2},"end":{"line":351,"column":3}},"type":"if","locations":[{"start":{"line":347,"column":2},"end":{"line":351,"column":3}}]}},"s":{"0":1,"1":1,"2":1,"3":1,"4":1,"5":1,"6":1,"7":1,"8":1,"9":0,"10":0,"11":1,"12":0,"13":0,"14":1,"15":1,"16":1,"17":1,"18":1,"19":1,"20":1,"21":0,"22":0,"23":0,"24":0,"25":0,"26":0,"27":0,"28":2,"29":2,"30":2,"31":0,"32":0,"33":0,"34":0,"35":0,"36":0,"37":0,"38":0,"39":0,"40":0,"41":0,"42":0,"43":0,"44":2,"45":2,"46":2,"47":4,"48":4,"49":8,"50":2,"51":2,"52":4,"53":2,"54":2,"55":2,"56":2,"57":2,"58":2,"59":2,"60":1,"61":1,"62":0,"63":0,"64":1,"65":1,"66":0,"67":0,"68":0,"69":0,"70":1,"71":0,"72":1,"73":0,"74":0,"75":1,"76":1,"77":0,"78":0,"79":0,"80":0,"81":0,"82":0,"83":0,"84":0},"f":{"0":1,"1":1,"2":0,"3":1,"4":0,"5":0,"6":1,"7":0,"8":2,"9":2,"10":0,"11":0,"12":2,"13":2,"14":1,"15":0,"16":1,"17":0,"18":0,"19":0,"20":0},"b":{"0":[1,0],"1":[2,2],"2":[2,0],"3":[2,0],"4":[2,0],"5":[2,1],"6":[2,2],"7":[2,2],"8":[2,2],"9":[0],"10":[0,0],"11":[2],"12":[8,2],"13":[2],"14":[2],"15":[1,0,1,0,0],"16":[1,0],"17":[0],"18":[0]}}
}
