TN:
SF:src/logger.ts
FN:11,(anonymous_8)
FN:15,(anonymous_9)
FN:23,(anonymous_11)
FN:30,(anonymous_13)
FN:38,(anonymous_15)
FN:45,(anonymous_17)
FN:64,(anonymous_19)
FN:111,(anonymous_20)
FN:126,(anonymous_22)
FN:144,(anonymous_23)
FN:158,(anonymous_24)
FN:179,(anonymous_26)
FN:203,(anonymous_27)
FN:227,(anonymous_28)
FN:254,(anonymous_29)
FN:261,(anonymous_31)
FN:268,(anonymous_33)
FN:288,(anonymous_35)
FN:300,(anonymous_37)
FN:322,initLogger
FN:346,getLogger
FNF:21
FNH:10
FNDA:1,(anonymous_8)
FNDA:1,(anonymous_9)
FNDA:0,(anonymous_11)
FNDA:1,(anonymous_13)
FNDA:0,(anonymous_15)
FNDA:0,(anonymous_17)
FNDA:1,(anonymous_19)
FNDA:0,(anonymous_20)
FNDA:2,(anonymous_22)
FNDA:2,(anonymous_23)
FNDA:0,(anonymous_24)
FNDA:0,(anonymous_26)
FNDA:2,(anonymous_27)
FNDA:2,(anonymous_28)
FNDA:1,(anonymous_29)
FNDA:0,(anonymous_31)
FNDA:1,(anonymous_33)
FNDA:0,(anonymous_35)
FNDA:0,(anonymous_37)
FNDA:0,initLogger
FNDA:0,getLogger
DA:1,1
DA:5,1
DA:6,1
DA:7,1
DA:8,1
DA:12,1
DA:19,1
DA:20,1
DA:27,0
DA:28,0
DA:35,1
DA:42,0
DA:49,0
DA:55,1
DA:57,1
DA:58,1
DA:59,1
DA:65,1
DA:69,1
DA:72,1
DA:112,0
DA:113,0
DA:114,0
DA:115,0
DA:116,0
DA:118,0
DA:119,0
DA:127,2
DA:145,2
DA:152,2
DA:159,0
DA:161,0
DA:163,0
DA:164,0
DA:165,0
DA:167,0
DA:168,0
DA:169,0
DA:171,0
DA:179,0
DA:182,0
DA:204,2
DA:205,2
DA:207,2
DA:208,4
DA:210,4
DA:211,8
DA:212,2
DA:213,2
DA:217,4
DA:220,2
DA:228,2
DA:229,2
DA:230,2
DA:232,2
DA:233,2
DA:235,1
DA:236,1
DA:238,0
DA:239,0
DA:241,1
DA:242,1
DA:244,0
DA:245,0
DA:247,0
DA:248,0
DA:258,1
DA:265,0
DA:273,1
DA:292,0
DA:304,0
DA:314,1
DA:322,1
DA:327,0
DA:328,0
DA:331,0
DA:334,0
DA:339,0
DA:346,1
DA:347,0
DA:348,0
DA:352,0
LF:82
LH:43
BRDA:65,0,0,1
BRDA:65,0,1,0
BRDA:129,1,0,2
BRDA:129,1,1,2
BRDA:130,2,0,2
BRDA:130,2,1,0
BRDA:131,3,0,2
BRDA:131,3,1,0
BRDA:132,4,0,2
BRDA:132,4,1,0
BRDA:133,5,0,2
BRDA:133,5,1,1
BRDA:135,6,0,2
BRDA:135,6,1,2
BRDA:136,7,0,2
BRDA:136,7,1,2
BRDA:137,8,0,2
BRDA:137,8,1,2
BRDA:159,9,0,0
BRDA:164,10,0,0
BRDA:164,10,1,0
BRDA:211,11,0,2
BRDA:211,12,0,8
BRDA:211,12,1,2
BRDA:217,13,0,2
BRDA:229,14,0,2
BRDA:233,15,0,1
BRDA:233,15,1,0
BRDA:233,15,2,1
BRDA:233,15,3,0
BRDA:233,15,4,0
BRDA:276,16,0,1
BRDA:276,16,1,0
BRDA:327,17,0,0
BRDA:347,18,0,0
BRF:35
BRH:22
end_of_record
